[24-Mar-2023 00:13:21 UTC] PHP Fatal error:  Uncaught Error: Call to a member function query() on null in C:\xampp\htdocs\code_test\index.php:76
Stack trace:
#0 {main}
  thrown in C:\xampp\htdocs\code_test\index.php on line 76
[24-Mar-2023 00:13:22 UTC] PHP Fatal error:  Uncaught Error: Call to a member function query() on null in C:\xampp\htdocs\code_test\index.php:76
Stack trace:
#0 {main}
  thrown in C:\xampp\htdocs\code_test\index.php on line 76
[24-Mar-2023 00:13:58 UTC] PHP Fatal error:  Uncaught Error: Call to a member function query() on null in C:\xampp\htdocs\code_test\index.php:76
Stack trace:
#0 {main}
  thrown in C:\xampp\htdocs\code_test\index.php on line 76
[24-Mar-2023 00:13:58 UTC] PHP Fatal error:  Uncaught Error: Call to a member function query() on null in C:\xampp\htdocs\code_test\index.php:76
Stack trace:
#0 {main}
  thrown in C:\xampp\htdocs\code_test\index.php on line 76
[24-Mar-2023 00:13:59 UTC] PHP Fatal error:  Uncaught Error: Call to a member function query() on null in C:\xampp\htdocs\code_test\index.php:76
Stack trace:
#0 {main}
  thrown in C:\xampp\htdocs\code_test\index.php on line 76
[24-Mar-2023 00:38:11 UTC] PHP Warning:  Undefined array key "height" in C:\xampp\htdocs\code_test\index.php on line 92
[24-Mar-2023 00:38:11 UTC] PHP Warning:  Undefined array key "dob" in C:\xampp\htdocs\code_test\index.php on line 93
[24-Mar-2023 00:38:11 UTC] PHP Warning:  Undefined array key "hobbies_name" in C:\xampp\htdocs\code_test\index.php on line 94
[24-Mar-2023 00:38:11 UTC] PHP Warning:  Undefined array key "height" in C:\xampp\htdocs\code_test\index.php on line 92
[24-Mar-2023 00:38:11 UTC] PHP Warning:  Undefined array key "dob" in C:\xampp\htdocs\code_test\index.php on line 93
[24-Mar-2023 00:38:11 UTC] PHP Warning:  Undefined array key "hobbies_name" in C:\xampp\htdocs\code_test\index.php on line 94
[24-Mar-2023 00:38:11 UTC] PHP Warning:  Undefined array key "height" in C:\xampp\htdocs\code_test\index.php on line 92
[24-Mar-2023 00:38:11 UTC] PHP Warning:  Undefined array key "dob" in C:\xampp\htdocs\code_test\index.php on line 93
[24-Mar-2023 00:38:11 UTC] PHP Warning:  Undefined array key "hobbies_name" in C:\xampp\htdocs\code_test\index.php on line 94
[24-Mar-2023 00:38:11 UTC] PHP Warning:  Undefined array key "height" in C:\xampp\htdocs\code_test\index.php on line 92
[24-Mar-2023 00:38:11 UTC] PHP Warning:  Undefined array key "dob" in C:\xampp\htdocs\code_test\index.php on line 93
[24-Mar-2023 00:38:11 UTC] PHP Warning:  Undefined array key "hobbies_name" in C:\xampp\htdocs\code_test\index.php on line 94
[24-Mar-2023 00:40:50 UTC] PHP Warning:  Undefined variable $sql2 in C:\xampp\htdocs\code_test\index.php on line 83
[24-Mar-2023 00:40:50 UTC] PHP Deprecated:  mysqli::query(): Passing null to parameter #1 ($query) of type string is deprecated in C:\xampp\htdocs\code_test\index.php on line 83
[24-Mar-2023 00:40:50 UTC] PHP Fatal error:  Uncaught ValueError: mysqli::query(): Argument #1 ($query) cannot be empty in C:\xampp\htdocs\code_test\index.php:83
Stack trace:
#0 C:\xampp\htdocs\code_test\index.php(83): mysqli->query('')
#1 {main}
  thrown in C:\xampp\htdocs\code_test\index.php on line 83
[24-Mar-2023 00:47:43 UTC] PHP Parse error:  syntax error, unexpected double-quoted string "<td>" in C:\xampp\htdocs\code_test\index.php on line 102
[24-Mar-2023 00:49:34 UTC] PHP Parse error:  syntax error, unexpected single-quoted string "<td>" in C:\xampp\htdocs\code_test\index.php on line 102
[24-Mar-2023 00:49:46 UTC] PHP Parse error:  syntax error, unexpected single-quoted string "<td>" in C:\xampp\htdocs\code_test\index.php on line 102
[24-Mar-2023 00:49:47 UTC] PHP Parse error:  syntax error, unexpected single-quoted string "<td>" in C:\xampp\htdocs\code_test\index.php on line 102
[24-Mar-2023 00:49:47 UTC] PHP Parse error:  syntax error, unexpected single-quoted string "<td>" in C:\xampp\htdocs\code_test\index.php on line 102
[24-Mar-2023 00:49:47 UTC] PHP Parse error:  syntax error, unexpected single-quoted string "<td>" in C:\xampp\htdocs\code_test\index.php on line 102
[24-Mar-2023 00:50:39 UTC] PHP Parse error:  syntax error, unexpected token "<" in C:\xampp\htdocs\code_test\index.php on line 101
[24-Mar-2023 00:50:40 UTC] PHP Parse error:  syntax error, unexpected token "<" in C:\xampp\htdocs\code_test\index.php on line 101
[24-Mar-2023 00:50:40 UTC] PHP Parse error:  syntax error, unexpected token "<" in C:\xampp\htdocs\code_test\index.php on line 101
[24-Mar-2023 00:50:40 UTC] PHP Parse error:  syntax error, unexpected token "<" in C:\xampp\htdocs\code_test\index.php on line 101
[24-Mar-2023 00:54:01 UTC] PHP Parse error:  syntax error, unexpected token "echo", expecting "," or ";" in C:\xampp\htdocs\code_test\index.php on line 102
[24-Mar-2023 00:54:02 UTC] PHP Parse error:  syntax error, unexpected token "echo", expecting "," or ";" in C:\xampp\htdocs\code_test\index.php on line 102
[24-Mar-2023 00:54:02 UTC] PHP Parse error:  syntax error, unexpected token "echo", expecting "," or ";" in C:\xampp\htdocs\code_test\index.php on line 102
[24-Mar-2023 00:57:40 UTC] PHP Parse error:  syntax error, unexpected double-quoted string "<td>" in C:\xampp\htdocs\code_test\index.php on line 102
[24-Mar-2023 01:02:10 UTC] PHP Parse error:  syntax error, unexpected token "." in C:\xampp\htdocs\code_test\index.php on line 102
[24-Mar-2023 01:05:30 UTC] PHP Parse error:  Unmatched '}' in C:\xampp\htdocs\code_test\index.php on line 119
[24-Mar-2023 01:17:15 UTC] PHP Parse error:  syntax error, unexpected variable "$where" in C:\xampp\htdocs\code_test\index.php on line 43
[24-Mar-2023 01:19:31 UTC] PHP Warning:  Undefined variable $where in C:\xampp\htdocs\code_test\api.php on line 38
[24-Mar-2023 01:19:32 UTC] PHP Warning:  Undefined variable $where in C:\xampp\htdocs\code_test\api.php on line 38
[24-Mar-2023 01:19:33 UTC] PHP Warning:  Undefined variable $where in C:\xampp\htdocs\code_test\api.php on line 38
[24-Mar-2023 01:19:33 UTC] PHP Warning:  Undefined variable $where in C:\xampp\htdocs\code_test\api.php on line 38
[24-Mar-2023 01:19:33 UTC] PHP Warning:  Undefined variable $where in C:\xampp\htdocs\code_test\api.php on line 38
[24-Mar-2023 01:19:34 UTC] PHP Warning:  Undefined variable $where in C:\xampp\htdocs\code_test\api.php on line 38
[24-Mar-2023 01:19:35 UTC] PHP Warning:  Undefined variable $where in C:\xampp\htdocs\code_test\api.php on line 38
[24-Mar-2023 01:20:18 UTC] PHP Warning:  Undefined variable $where in C:\xampp\htdocs\code_test\api.php on line 38
[24-Mar-2023 01:20:19 UTC] PHP Warning:  Undefined variable $where in C:\xampp\htdocs\code_test\api.php on line 38
[24-Mar-2023 01:20:19 UTC] PHP Warning:  Undefined variable $where in C:\xampp\htdocs\code_test\api.php on line 38
[24-Mar-2023 01:20:29 UTC] PHP Warning:  Undefined variable $where in C:\xampp\htdocs\code_test\api.php on line 38
[24-Mar-2023 01:20:30 UTC] PHP Warning:  Undefined variable $where in C:\xampp\htdocs\code_test\api.php on line 38
[24-Mar-2023 01:20:30 UTC] PHP Warning:  Undefined variable $where in C:\xampp\htdocs\code_test\api.php on line 38
[24-Mar-2023 01:20:31 UTC] PHP Warning:  Undefined variable $where in C:\xampp\htdocs\code_test\api.php on line 38
[24-Mar-2023 01:20:31 UTC] PHP Warning:  Undefined variable $where in C:\xampp\htdocs\code_test\api.php on line 38
[24-Mar-2023 01:20:31 UTC] PHP Warning:  Undefined variable $where in C:\xampp\htdocs\code_test\api.php on line 38
[24-Mar-2023 01:20:32 UTC] PHP Warning:  Undefined variable $where in C:\xampp\htdocs\code_test\api.php on line 38
[24-Mar-2023 01:20:32 UTC] PHP Warning:  Undefined variable $where in C:\xampp\htdocs\code_test\api.php on line 38
[24-Mar-2023 01:20:32 UTC] PHP Warning:  Undefined variable $where in C:\xampp\htdocs\code_test\api.php on line 38
[24-Mar-2023 01:20:32 UTC] PHP Warning:  Undefined variable $where in C:\xampp\htdocs\code_test\api.php on line 38
[24-Mar-2023 01:20:32 UTC] PHP Warning:  Undefined variable $where in C:\xampp\htdocs\code_test\api.php on line 38
[24-Mar-2023 01:20:33 UTC] PHP Warning:  Undefined variable $where in C:\xampp\htdocs\code_test\api.php on line 38
[24-Mar-2023 01:20:33 UTC] PHP Warning:  Undefined variable $where in C:\xampp\htdocs\code_test\api.php on line 38
[24-Mar-2023 01:20:34 UTC] PHP Warning:  Undefined variable $where in C:\xampp\htdocs\code_test\api.php on line 38
[24-Mar-2023 01:20:34 UTC] PHP Warning:  Undefined variable $where in C:\xampp\htdocs\code_test\api.php on line 38
[24-Mar-2023 01:20:34 UTC] PHP Warning:  Undefined variable $where in C:\xampp\htdocs\code_test\api.php on line 38
[24-Mar-2023 01:20:34 UTC] PHP Warning:  Undefined variable $where in C:\xampp\htdocs\code_test\api.php on line 38
[24-Mar-2023 01:20:34 UTC] PHP Warning:  Undefined variable $where in C:\xampp\htdocs\code_test\api.php on line 38
[24-Mar-2023 01:20:34 UTC] PHP Warning:  Undefined variable $where in C:\xampp\htdocs\code_test\api.php on line 38
[24-Mar-2023 01:20:35 UTC] PHP Warning:  Undefined variable $where in C:\xampp\htdocs\code_test\api.php on line 38
[24-Mar-2023 01:20:38 UTC] PHP Warning:  Undefined variable $where in C:\xampp\htdocs\code_test\api.php on line 38
[24-Mar-2023 01:20:40 UTC] PHP Warning:  Undefined variable $where in C:\xampp\htdocs\code_test\api.php on line 38
[24-Mar-2023 01:22:52 UTC] PHP Warning:  Undefined variable $where in C:\xampp\htdocs\code_test\api.php on line 38
[24-Mar-2023 01:22:53 UTC] PHP Warning:  Undefined variable $where in C:\xampp\htdocs\code_test\api.php on line 38
[24-Mar-2023 01:22:54 UTC] PHP Warning:  Undefined variable $where in C:\xampp\htdocs\code_test\api.php on line 38
[24-Mar-2023 01:22:54 UTC] PHP Warning:  Undefined variable $where in C:\xampp\htdocs\code_test\api.php on line 38
[24-Mar-2023 01:22:55 UTC] PHP Warning:  Undefined variable $where in C:\xampp\htdocs\code_test\api.php on line 38
[24-Mar-2023 01:22:56 UTC] PHP Warning:  Undefined variable $where in C:\xampp\htdocs\code_test\api.php on line 38
[24-Mar-2023 01:22:56 UTC] PHP Warning:  Undefined variable $where in C:\xampp\htdocs\code_test\api.php on line 38
[24-Mar-2023 01:23:05 UTC] PHP Warning:  Undefined variable $where in C:\xampp\htdocs\code_test\api.php on line 38
[24-Mar-2023 01:26:39 UTC] PHP Warning:  Undefined variable $where in C:\xampp\htdocs\code_test\api.php on line 38
[24-Mar-2023 01:26:40 UTC] PHP Warning:  Undefined variable $where in C:\xampp\htdocs\code_test\api.php on line 38
[24-Mar-2023 01:26:40 UTC] PHP Warning:  Undefined variable $where in C:\xampp\htdocs\code_test\api.php on line 38
[24-Mar-2023 01:28:23 UTC] PHP Warning:  Undefined variable $where in C:\xampp\htdocs\code_test\api.php on line 38
[24-Mar-2023 01:29:00 UTC] PHP Warning:  Undefined variable $where in C:\xampp\htdocs\code_test\api.php on line 38
[24-Mar-2023 01:29:05 UTC] PHP Warning:  Undefined variable $where in C:\xampp\htdocs\code_test\api.php on line 38
[24-Mar-2023 01:29:06 UTC] PHP Warning:  Undefined variable $where in C:\xampp\htdocs\code_test\api.php on line 38
[24-Mar-2023 01:29:06 UTC] PHP Warning:  Undefined variable $where in C:\xampp\htdocs\code_test\api.php on line 38
[24-Mar-2023 01:29:07 UTC] PHP Warning:  Undefined variable $where in C:\xampp\htdocs\code_test\api.php on line 38
[24-Mar-2023 01:29:08 UTC] PHP Warning:  Undefined variable $where in C:\xampp\htdocs\code_test\api.php on line 38
[24-Mar-2023 01:29:08 UTC] PHP Warning:  Undefined variable $where in C:\xampp\htdocs\code_test\api.php on line 38
[24-Mar-2023 01:29:08 UTC] PHP Warning:  Undefined variable $where in C:\xampp\htdocs\code_test\api.php on line 38
[24-Mar-2023 01:30:44 UTC] PHP Warning:  Undefined variable $where in C:\xampp\htdocs\code_test\api.php on line 38
[24-Mar-2023 01:31:28 UTC] PHP Warning:  Undefined variable $where in C:\xampp\htdocs\code_test\api.php on line 38
[24-Mar-2023 01:31:29 UTC] PHP Warning:  Undefined variable $where in C:\xampp\htdocs\code_test\api.php on line 38
[24-Mar-2023 01:31:29 UTC] PHP Warning:  Undefined variable $where in C:\xampp\htdocs\code_test\api.php on line 38
[24-Mar-2023 01:31:38 UTC] PHP Warning:  Undefined variable $where in C:\xampp\htdocs\code_test\api.php on line 38
[24-Mar-2023 01:31:39 UTC] PHP Warning:  Undefined variable $where in C:\xampp\htdocs\code_test\api.php on line 38
[24-Mar-2023 01:31:40 UTC] PHP Warning:  Undefined variable $where in C:\xampp\htdocs\code_test\api.php on line 38
[24-Mar-2023 01:33:16 UTC] PHP Warning:  Undefined variable $where in C:\xampp\htdocs\code_test\api.php on line 38
[24-Mar-2023 01:33:18 UTC] PHP Warning:  Undefined variable $where in C:\xampp\htdocs\code_test\api.php on line 38
[24-Mar-2023 01:33:18 UTC] PHP Warning:  Undefined variable $where in C:\xampp\htdocs\code_test\api.php on line 38
[24-Mar-2023 01:33:19 UTC] PHP Warning:  Undefined variable $where in C:\xampp\htdocs\code_test\api.php on line 38
[24-Mar-2023 01:33:19 UTC] PHP Warning:  Undefined variable $where in C:\xampp\htdocs\code_test\api.php on line 38
[24-Mar-2023 01:33:19 UTC] PHP Warning:  Undefined variable $where in C:\xampp\htdocs\code_test\api.php on line 38
[24-Mar-2023 01:33:20 UTC] PHP Warning:  Undefined variable $where in C:\xampp\htdocs\code_test\api.php on line 38
[24-Mar-2023 01:33:25 UTC] PHP Warning:  Undefined variable $where in C:\xampp\htdocs\code_test\api.php on line 38
[24-Mar-2023 01:33:27 UTC] PHP Warning:  Undefined variable $where in C:\xampp\htdocs\code_test\api.php on line 38
[24-Mar-2023 01:33:27 UTC] PHP Warning:  Undefined variable $where in C:\xampp\htdocs\code_test\api.php on line 38
[24-Mar-2023 01:33:28 UTC] PHP Warning:  Undefined variable $where in C:\xampp\htdocs\code_test\api.php on line 38
[24-Mar-2023 01:35:21 UTC] PHP Parse error:  Unclosed '{' on line 44 in C:\xampp\htdocs\code_test\index.php on line 156
[24-Mar-2023 01:35:22 UTC] PHP Parse error:  Unclosed '{' on line 44 in C:\xampp\htdocs\code_test\index.php on line 156
[24-Mar-2023 01:36:15 UTC] PHP Warning:  Undefined variable $where in C:\xampp\htdocs\code_test\api.php on line 38
[24-Mar-2023 01:36:18 UTC] PHP Warning:  Undefined variable $where in C:\xampp\htdocs\code_test\api.php on line 38
[24-Mar-2023 01:36:18 UTC] PHP Warning:  Undefined variable $where in C:\xampp\htdocs\code_test\api.php on line 38
[24-Mar-2023 01:36:19 UTC] PHP Warning:  Undefined variable $where in C:\xampp\htdocs\code_test\api.php on line 38
[24-Mar-2023 01:36:19 UTC] PHP Warning:  Undefined variable $where in C:\xampp\htdocs\code_test\api.php on line 38
[24-Mar-2023 01:38:06 UTC] PHP Parse error:  syntax error, unexpected token "=" in C:\xampp\htdocs\code_test\index.php on line 35
